<?xml version="1.0" encoding="UTF-8"?>
<testsuite name="no.greenall.entitydataloader.EntityDataManagerTest" tests="1" skipped="0" failures="0" errors="0" timestamp="2019-07-11T22:23:15" hostname="rgs-MacBook-Pro.local" time="0.0">
  <properties/>
  <testcase name="testEntityDataManager" classname="no.greenall.entitydataloader.EntityDataManagerTest" time="0.0"/>
  <system-out><![CDATA[]]></system-out>
  <system-err><![CDATA[]]></system-err>
</testsuite>
